2023-08-23 15:23:47:707 grammar LogManager.java:25 before: (LEXER_GRAMMAR SwiftLexer (RULES (RULE INT (BLOCK (ALT 'Int'))) (RULE FLOAT (BLOCK (ALT 'Float'))) (RULE BOOL (BLOCK (ALT 'Bool'))) (RULE STR (BLOCK (ALT 'String'))) (RULE CHAR (BLOCK (ALT 'Character'))) (RULE VAR (BLOCK (ALT 'var'))) (RULE LET (BLOCK (ALT 'let'))) (RULE VOID (BLOCK (ALT 'void'))) (RULE TRU (BLOCK (ALT 'true'))) (RULE FAL (BLOCK (ALT 'false'))) (RULE PRINT (BLOCK (ALT 'print'))) (RULE IF (BLOCK (ALT 'if'))) (RULE ELSE (BLOCK (ALT 'else'))) (RULE WHILE (BLOCK (ALT 'while'))) (RULE FOR (BLOCK (ALT 'for'))) (RULE IN (BLOCK (ALT 'in'))) (RULE SWITCH (BLOCK (ALT 'switch'))) (RULE CASE (BLOCK (ALT 'case'))) (RULE DEFAULT (BLOCK (ALT 'default'))) (RULE BREAK (BLOCK (ALT 'break'))) (RULE RETURN (BLOCK (ALT 'return'))) (RULE CONTINUE (BLOCK (ALT 'continue'))) (RULE GUARD (BLOCK (ALT 'guard'))) (RULE FUNC (BLOCK (ALT 'func'))) (RULE NIL (BLOCK (ALT 'nil'))) (RULE STRUCT (BLOCK (ALT 'struct'))) (RULE MUTATING (BLOCK (ALT 'mutating'))) (RULE SELF (BLOCK (ALT 'self'))) (RULE INOUT (BLOCK (ALT 'inout'))) (RULE APPEND (BLOCK (ALT 'append'))) (RULE REMOVELAST (BLOCK (ALT 'removeLast'))) (RULE REMOVE (BLOCK (ALT 'remove'))) (RULE AT (BLOCK (ALT 'at'))) (RULE ISEMPTY (BLOCK (ALT 'isEmpty'))) (RULE COUNT (BLOCK (ALT 'count'))) (RULE NUMBER (BLOCK (ALT (+ (BLOCK (ALT [0-9]))) (? (BLOCK (ALT '.' (+ (BLOCK (ALT [0-9]))))))))) (RULE STRING (BLOCK (ALT '"' (* (BLOCK (ALT (~ (SET ["]))))) '"'))) (RULE ID (BLOCK (ALT (BLOCK (ALT [a-zA-Z])) (* (BLOCK (ALT [a-zA-Z0-9_])))))) (RULE DIF (BLOCK (ALT '!='))) (RULE IG_IG (BLOCK (ALT '=='))) (RULE NOT (BLOCK (ALT '!'))) (RULE OR (BLOCK (ALT '||'))) (RULE AND (BLOCK (ALT '&&'))) (RULE IG (BLOCK (ALT '='))) (RULE MAY_IG (BLOCK (ALT '>='))) (RULE MEN_IG (BLOCK (ALT '<='))) (RULE MAYOR (BLOCK (ALT '>'))) (RULE MENOR (BLOCK (ALT '<'))) (RULE MUL (BLOCK (ALT '*'))) (RULE DIV (BLOCK (ALT '/'))) (RULE ADD (BLOCK (ALT '+'))) (RULE SUB (BLOCK (ALT '-'))) (RULE MOD (BLOCK (ALT '%'))) (RULE PARIZQ (BLOCK (ALT '('))) (RULE PARDER (BLOCK (ALT ')'))) (RULE LLAVEIZQ (BLOCK (ALT '{'))) (RULE LLAVEDER (BLOCK (ALT '}'))) (RULE D_PTS (BLOCK (ALT ':'))) (RULE CORIZQ (BLOCK (ALT '['))) (RULE CORDER (BLOCK (ALT ']'))) (RULE COMA (BLOCK (ALT ','))) (RULE WHITESPACE (BLOCK (LEXER_ALT_ACTION (ALT (+ (BLOCK (ALT [ \\\r\n\t])))) skip))) (RULE COMMENT (BLOCK (LEXER_ALT_ACTION (ALT '/*' (* (BLOCK (ALT .))) '*/') skip))) (RULE LINE_COMMENT (BLOCK (LEXER_ALT_ACTION (ALT '//' (* (BLOCK (ALT (~ (SET [\r\n])))))) skip))) (RULE ESC_SEQ (RULEMODIFIERS fragment) (BLOCK (ALT '\\' (BLOCK (ALT '\\') (ALT '@') (ALT '[') (ALT ']') (ALT '.') (ALT '#') (ALT '+') (ALT '-') (ALT '!') (ALT ':') (ALT ' ')))))))
2023-08-23 15:23:47:860 grammar LogManager.java:25 after: (LEXER_GRAMMAR SwiftLexer (RULES (RULE INT (BLOCK (ALT 'Int'))) (RULE FLOAT (BLOCK (ALT 'Float'))) (RULE BOOL (BLOCK (ALT 'Bool'))) (RULE STR (BLOCK (ALT 'String'))) (RULE CHAR (BLOCK (ALT 'Character'))) (RULE VAR (BLOCK (ALT 'var'))) (RULE LET (BLOCK (ALT 'let'))) (RULE VOID (BLOCK (ALT 'void'))) (RULE TRU (BLOCK (ALT 'true'))) (RULE FAL (BLOCK (ALT 'false'))) (RULE PRINT (BLOCK (ALT 'print'))) (RULE IF (BLOCK (ALT 'if'))) (RULE ELSE (BLOCK (ALT 'else'))) (RULE WHILE (BLOCK (ALT 'while'))) (RULE FOR (BLOCK (ALT 'for'))) (RULE IN (BLOCK (ALT 'in'))) (RULE SWITCH (BLOCK (ALT 'switch'))) (RULE CASE (BLOCK (ALT 'case'))) (RULE DEFAULT (BLOCK (ALT 'default'))) (RULE BREAK (BLOCK (ALT 'break'))) (RULE RETURN (BLOCK (ALT 'return'))) (RULE CONTINUE (BLOCK (ALT 'continue'))) (RULE GUARD (BLOCK (ALT 'guard'))) (RULE FUNC (BLOCK (ALT 'func'))) (RULE NIL (BLOCK (ALT 'nil'))) (RULE STRUCT (BLOCK (ALT 'struct'))) (RULE MUTATING (BLOCK (ALT 'mutating'))) (RULE SELF (BLOCK (ALT 'self'))) (RULE INOUT (BLOCK (ALT 'inout'))) (RULE APPEND (BLOCK (ALT 'append'))) (RULE REMOVELAST (BLOCK (ALT 'removeLast'))) (RULE REMOVE (BLOCK (ALT 'remove'))) (RULE AT (BLOCK (ALT 'at'))) (RULE ISEMPTY (BLOCK (ALT 'isEmpty'))) (RULE COUNT (BLOCK (ALT 'count'))) (RULE NUMBER (BLOCK (ALT (+ (BLOCK (ALT [0-9]))) (? (BLOCK (ALT '.' (+ (BLOCK (ALT [0-9]))))))))) (RULE STRING (BLOCK (ALT '"' (* (BLOCK (ALT (~ (SET ["]))))) '"'))) (RULE ID (BLOCK (ALT (BLOCK (ALT [a-zA-Z])) (* (BLOCK (ALT [a-zA-Z0-9_])))))) (RULE DIF (BLOCK (ALT '!='))) (RULE IG_IG (BLOCK (ALT '=='))) (RULE NOT (BLOCK (ALT '!'))) (RULE OR (BLOCK (ALT '||'))) (RULE AND (BLOCK (ALT '&&'))) (RULE IG (BLOCK (ALT '='))) (RULE MAY_IG (BLOCK (ALT '>='))) (RULE MEN_IG (BLOCK (ALT '<='))) (RULE MAYOR (BLOCK (ALT '>'))) (RULE MENOR (BLOCK (ALT '<'))) (RULE MUL (BLOCK (ALT '*'))) (RULE DIV (BLOCK (ALT '/'))) (RULE ADD (BLOCK (ALT '+'))) (RULE SUB (BLOCK (ALT '-'))) (RULE MOD (BLOCK (ALT '%'))) (RULE PARIZQ (BLOCK (ALT '('))) (RULE PARDER (BLOCK (ALT ')'))) (RULE LLAVEIZQ (BLOCK (ALT '{'))) (RULE LLAVEDER (BLOCK (ALT '}'))) (RULE D_PTS (BLOCK (ALT ':'))) (RULE CORIZQ (BLOCK (ALT '['))) (RULE CORDER (BLOCK (ALT ']'))) (RULE COMA (BLOCK (ALT ','))) (RULE WHITESPACE (BLOCK (LEXER_ALT_ACTION (ALT (+ (BLOCK (ALT [ \\\r\n\t])))) skip))) (RULE COMMENT (BLOCK (LEXER_ALT_ACTION (ALT '/*' (* (BLOCK (ALT .))) '*/') skip))) (RULE LINE_COMMENT (BLOCK (LEXER_ALT_ACTION (ALT '//' (* (BLOCK (ALT (~ (SET [\r\n])))))) skip))) (RULE ESC_SEQ (RULEMODIFIERS fragment) (BLOCK (ALT '\\' (SET '\\' '@' '[' ']' '.' '#' '+' '-' '!' ':' ' '))))))
2023-08-23 15:23:51:567 grammar LogManager.java:25 before: (COMBINED_GRAMMAR SwiftGrammar (OPTIONS (= tokenVocab SwiftLexer)) (@ header {
    import "Server2/interfaces"
    import "Server2/environment"
    import "Server2/expressions"
    import "Server2/instructions"
    import "strings"
}) (RULES (RULE s (returns []interface{} code) (BLOCK (ALT block EOF {   
        $code = $block.blk
    }))) (RULE block (returns []interface{} blk) (@ init {
    $blk = []interface{}{}
    var listInt []IInstructionContext
  }) (BLOCK (ALT (+ (BLOCK (ALT (+= ins instruction)))) {
        listInt = localctx.(*BlockContext).GetIns()
        for _, e := range listInt {
            $blk = append($blk, e.GetInst())
        }
    }))) (RULE block2 (returns []interface{} blk2) (@ init {
    $blk2 = []interface{}{}
    var listInt []IInstructionContext
}) (BLOCK (ALT (+ (BLOCK (ALT (+= ins instruction)))) {
    listInt = localctx.(*Block2Context).GetIns()
    for _, e := range listInt {
        $blk2 = append($blk2, e.GetInst())
    }
}))) (RULE instruction (returns interfaces.Instruction inst) (BLOCK (ALT printstmt { $inst = $printstmt.prnt}) (ALT ifstmt { $inst = $ifstmt.ifinst }) (ALT declarationstmt { $inst = $declarationstmt.dec }) (ALT whilestmt { $inst = $whilestmt.whl }) (ALT breakstmt { $inst = $breakstmt.brk }))) (RULE printstmt (returns interfaces.Instruction prnt) (BLOCK (ALT PRINT PARIZQ expr PARDER { $prnt = instructions.NewPrint($PRINT.line,$PRINT.pos,$expr.e)}))) (RULE ifstmt (returns interfaces.Instruction ifinst) (BLOCK (ALT IF expr LLAVEIZQ block LLAVEDER { $ifinst = instructions.NewIf($IF.line, $IF.pos, $expr.e, $block.blk, nil) }) (ALT IF expr LLAVEIZQ block LLAVEDER ELSE LLAVEIZQ block2 LLAVEDER { $ifinst = instructions.NewIf($IF.line, $IF.pos, $expr.e, $block.blk, $block2.blk2) }) (ALT IF expr LLAVEIZQ block LLAVEDER ELSE ifstmt { $ifinst = instructions.NewIf($IF.line, $IF.pos, $expr.e, $block.blk, []interface{}{$ifstmt.ifinst}) }))) (RULE whilestmt (returns interfaces.Instruction whl) (BLOCK (ALT WHILE expr LLAVEIZQ block2 LLAVEDER { $whl = instructions.NewWhile($WHILE.line, $WHILE.pos, $expr.e, $block2.blk2) }))) (RULE declarationstmt (returns interfaces.Instruction dec) (BLOCK (ALT VAR ID D_PTS types IG expr { $dec = instructions.NewDeclaration($VAR.line, $VAR.pos, $ID.text, $types.ty, $expr.e) }))) (RULE types (returns environment.TipoExpresion ty) (BLOCK (ALT INT { $ty = environment.INTEGER }) (ALT FLOAT { $ty = environment.FLOAT }) (ALT STR { $ty = environment.STRING }) (ALT BOOL { $ty = environment.BOOLEAN }) (ALT CORIZQ CORDER { $ty = environment.ARRAY }))) (RULE expr (returns interfaces.Expression e) (BLOCK (ALT (= left expr) (= op (BLOCK (ALT MUL) (ALT DIV))) (= right expr) { $e = expressions.NewOperation($left.start.GetLine(), $left.start.GetColumn(), $left.e, $op.text, $right.e) }) (ALT (= left expr) (= op (BLOCK (ALT ADD) (ALT SUB))) (= right expr) { $e = expressions.NewOperation($left.start.GetLine(), $left.start.GetColumn(), $left.e, $op.text, $right.e) }) (ALT (= left expr) (= op (BLOCK (ALT MAY_IG) (ALT MAYOR))) (= right expr) { $e = expressions.NewOperation($left.start.GetLine(), $left.start.GetColumn(), $left.e, $op.text, $right.e) }) (ALT (= left expr) (= op (BLOCK (ALT MEN_IG) (ALT MENOR))) (= right expr) { $e = expressions.NewOperation($left.start.GetLine(), $left.start.GetColumn(), $left.e, $op.text, $right.e) }) (ALT (= left expr) (= op (BLOCK (ALT IG_IG) (ALT DIF))) (= right expr) { $e = expressions.NewOperation($left.start.GetLine(), $left.start.GetColumn(), $left.e, $op.text, $right.e) }) (ALT (= left expr) (= op AND) (= right expr) { $e = expressions.NewOperation($left.start.GetLine(), $left.start.GetColumn(), $left.e, $op.text, $right.e) }) (ALT (= left expr) (= op OR) (= right expr) { $e = expressions.NewOperation($left.start.GetLine(), $left.start.GetColumn(), $left.e, $op.text, $right.e) }) (ALT PARIZQ expr PARDER { $e = $expr.e }) (ALT (= list listArray) { $e = $list.p}) (ALT CORIZQ listParams CORDER { $e = expressions.NewArray($CORIZQ.line, $CORIZQ.pos, $listParams.l) }) (ALT NUMBER {
        if (strings.Contains($NUMBER.text,".")){
            num,err := strconv.ParseFloat($NUMBER.text, 64);
            if err!= nil{
                fmt.Println(err)
            }
            $e = expressions.NewPrimitive($NUMBER.line,$NUMBER.pos,num,environment.FLOAT)
        }else{
            num,err := strconv.Atoi($NUMBER.text)
            if err!= nil{
                fmt.Println(err)
            }
            $e = expressions.NewPrimitive($NUMBER.line,$NUMBER.pos,num,environment.INTEGER)
        }
    }) (ALT STRING {
        str := $STRING.text
        $e = expressions.NewPrimitive($STRING.line, $STRING.pos, str[1:len(str)-1],environment.STRING)
    }) (ALT TRU { $e = expressions.NewPrimitive($TRU.line, $TRU.pos, true, environment.BOOLEAN) }) (ALT FAL { $e = expressions.NewPrimitive($FAL.line, $FAL.pos, false, environment.BOOLEAN) }))) (RULE listParams (returns []interface{} l) (BLOCK (ALT (= list listParams) COMA expr {
                                var arr []interface{}
                                arr = append($list.l, $expr.e)
                                $l = arr
                            }) (ALT expr {
            $l = []interface{}{}
            $l = append($l, $expr.e)
        }))) (RULE listArray (returns interfaces.Expression p) (BLOCK (ALT (= list listArray) CORIZQ expr CORDER { $p = expressions.NewArrayAccess($list.start.GetLine(), $list.start.GetColumn(), $list.p, $expr.e) }) (ALT ID { $p = expressions.NewCallVar($ID.line, $ID.pos, $ID.text)})))))
2023-08-23 15:23:51:598 grammar LogManager.java:25 after: (COMBINED_GRAMMAR SwiftGrammar (OPTIONS (= tokenVocab SwiftLexer)) (@ header {
    import "Server2/interfaces"
    import "Server2/environment"
    import "Server2/expressions"
    import "Server2/instructions"
    import "strings"
}) (RULES (RULE s (returns []interface{} code) (BLOCK (ALT block EOF {   
        $code = $block.blk
    }))) (RULE block (returns []interface{} blk) (@ init {
    $blk = []interface{}{}
    var listInt []IInstructionContext
  }) (BLOCK (ALT (+ (BLOCK (ALT (+= ins instruction)))) {
        listInt = localctx.(*BlockContext).GetIns()
        for _, e := range listInt {
            $blk = append($blk, e.GetInst())
        }
    }))) (RULE block2 (returns []interface{} blk2) (@ init {
    $blk2 = []interface{}{}
    var listInt []IInstructionContext
}) (BLOCK (ALT (+ (BLOCK (ALT (+= ins instruction)))) {
    listInt = localctx.(*Block2Context).GetIns()
    for _, e := range listInt {
        $blk2 = append($blk2, e.GetInst())
    }
}))) (RULE instruction (returns interfaces.Instruction inst) (BLOCK (ALT printstmt { $inst = $printstmt.prnt}) (ALT ifstmt { $inst = $ifstmt.ifinst }) (ALT declarationstmt { $inst = $declarationstmt.dec }) (ALT whilestmt { $inst = $whilestmt.whl }) (ALT breakstmt { $inst = $breakstmt.brk }))) (RULE printstmt (returns interfaces.Instruction prnt) (BLOCK (ALT PRINT PARIZQ expr PARDER { $prnt = instructions.NewPrint($PRINT.line,$PRINT.pos,$expr.e)}))) (RULE ifstmt (returns interfaces.Instruction ifinst) (BLOCK (ALT IF expr LLAVEIZQ block LLAVEDER { $ifinst = instructions.NewIf($IF.line, $IF.pos, $expr.e, $block.blk, nil) }) (ALT IF expr LLAVEIZQ block LLAVEDER ELSE LLAVEIZQ block2 LLAVEDER { $ifinst = instructions.NewIf($IF.line, $IF.pos, $expr.e, $block.blk, $block2.blk2) }) (ALT IF expr LLAVEIZQ block LLAVEDER ELSE ifstmt { $ifinst = instructions.NewIf($IF.line, $IF.pos, $expr.e, $block.blk, []interface{}{$ifstmt.ifinst}) }))) (RULE whilestmt (returns interfaces.Instruction whl) (BLOCK (ALT WHILE expr LLAVEIZQ block2 LLAVEDER { $whl = instructions.NewWhile($WHILE.line, $WHILE.pos, $expr.e, $block2.blk2) }))) (RULE declarationstmt (returns interfaces.Instruction dec) (BLOCK (ALT VAR ID D_PTS types IG expr { $dec = instructions.NewDeclaration($VAR.line, $VAR.pos, $ID.text, $types.ty, $expr.e) }))) (RULE types (returns environment.TipoExpresion ty) (BLOCK (ALT INT { $ty = environment.INTEGER }) (ALT FLOAT { $ty = environment.FLOAT }) (ALT STR { $ty = environment.STRING }) (ALT BOOL { $ty = environment.BOOLEAN }) (ALT CORIZQ CORDER { $ty = environment.ARRAY }))) (RULE expr (returns interfaces.Expression e) (BLOCK (ALT (= left expr) (= op (SET MUL DIV)) (= right expr) { $e = expressions.NewOperation($left.start.GetLine(), $left.start.GetColumn(), $left.e, $op.text, $right.e) }) (ALT (= left expr) (= op (SET ADD SUB)) (= right expr) { $e = expressions.NewOperation($left.start.GetLine(), $left.start.GetColumn(), $left.e, $op.text, $right.e) }) (ALT (= left expr) (= op (SET MAY_IG MAYOR)) (= right expr) { $e = expressions.NewOperation($left.start.GetLine(), $left.start.GetColumn(), $left.e, $op.text, $right.e) }) (ALT (= left expr) (= op (SET MEN_IG MENOR)) (= right expr) { $e = expressions.NewOperation($left.start.GetLine(), $left.start.GetColumn(), $left.e, $op.text, $right.e) }) (ALT (= left expr) (= op (SET IG_IG DIF)) (= right expr) { $e = expressions.NewOperation($left.start.GetLine(), $left.start.GetColumn(), $left.e, $op.text, $right.e) }) (ALT (= left expr) (= op AND) (= right expr) { $e = expressions.NewOperation($left.start.GetLine(), $left.start.GetColumn(), $left.e, $op.text, $right.e) }) (ALT (= left expr) (= op OR) (= right expr) { $e = expressions.NewOperation($left.start.GetLine(), $left.start.GetColumn(), $left.e, $op.text, $right.e) }) (ALT PARIZQ expr PARDER { $e = $expr.e }) (ALT (= list listArray) { $e = $list.p}) (ALT CORIZQ listParams CORDER { $e = expressions.NewArray($CORIZQ.line, $CORIZQ.pos, $listParams.l) }) (ALT NUMBER {
        if (strings.Contains($NUMBER.text,".")){
            num,err := strconv.ParseFloat($NUMBER.text, 64);
            if err!= nil{
                fmt.Println(err)
            }
            $e = expressions.NewPrimitive($NUMBER.line,$NUMBER.pos,num,environment.FLOAT)
        }else{
            num,err := strconv.Atoi($NUMBER.text)
            if err!= nil{
                fmt.Println(err)
            }
            $e = expressions.NewPrimitive($NUMBER.line,$NUMBER.pos,num,environment.INTEGER)
        }
    }) (ALT STRING {
        str := $STRING.text
        $e = expressions.NewPrimitive($STRING.line, $STRING.pos, str[1:len(str)-1],environment.STRING)
    }) (ALT TRU { $e = expressions.NewPrimitive($TRU.line, $TRU.pos, true, environment.BOOLEAN) }) (ALT FAL { $e = expressions.NewPrimitive($FAL.line, $FAL.pos, false, environment.BOOLEAN) }))) (RULE listParams (returns []interface{} l) (BLOCK (ALT (= list listParams) COMA expr {
                                var arr []interface{}
                                arr = append($list.l, $expr.e)
                                $l = arr
                            }) (ALT expr {
            $l = []interface{}{}
            $l = append($l, $expr.e)
        }))) (RULE listArray (returns interfaces.Expression p) (BLOCK (ALT (= list listArray) CORIZQ expr CORDER { $p = expressions.NewArrayAccess($list.start.GetLine(), $list.start.GetColumn(), $list.p, $expr.e) }) (ALT ID { $p = expressions.NewCallVar($ID.line, $ID.pos, $ID.text)})))))
2023-08-23 15:23:51:606 grammar LogManager.java:25 after extract implicit lexer =(COMBINED_GRAMMAR SwiftGrammar (OPTIONS (= tokenVocab SwiftLexer)) (@ header {
    import "Server2/interfaces"
    import "Server2/environment"
    import "Server2/expressions"
    import "Server2/instructions"
    import "strings"
}) (RULES (RULE s (returns []interface{} code) (BLOCK (ALT block EOF {   
        $code = $block.blk
    }))) (RULE block (returns []interface{} blk) (@ init {
    $blk = []interface{}{}
    var listInt []IInstructionContext
  }) (BLOCK (ALT (+ (BLOCK (ALT (+= ins instruction)))) {
        listInt = localctx.(*BlockContext).GetIns()
        for _, e := range listInt {
            $blk = append($blk, e.GetInst())
        }
    }))) (RULE block2 (returns []interface{} blk2) (@ init {
    $blk2 = []interface{}{}
    var listInt []IInstructionContext
}) (BLOCK (ALT (+ (BLOCK (ALT (+= ins instruction)))) {
    listInt = localctx.(*Block2Context).GetIns()
    for _, e := range listInt {
        $blk2 = append($blk2, e.GetInst())
    }
}))) (RULE instruction (returns interfaces.Instruction inst) (BLOCK (ALT printstmt { $inst = $printstmt.prnt}) (ALT ifstmt { $inst = $ifstmt.ifinst }) (ALT declarationstmt { $inst = $declarationstmt.dec }) (ALT whilestmt { $inst = $whilestmt.whl }) (ALT breakstmt { $inst = $breakstmt.brk }))) (RULE printstmt (returns interfaces.Instruction prnt) (BLOCK (ALT PRINT PARIZQ expr PARDER { $prnt = instructions.NewPrint($PRINT.line,$PRINT.pos,$expr.e)}))) (RULE ifstmt (returns interfaces.Instruction ifinst) (BLOCK (ALT IF expr LLAVEIZQ block LLAVEDER { $ifinst = instructions.NewIf($IF.line, $IF.pos, $expr.e, $block.blk, nil) }) (ALT IF expr LLAVEIZQ block LLAVEDER ELSE LLAVEIZQ block2 LLAVEDER { $ifinst = instructions.NewIf($IF.line, $IF.pos, $expr.e, $block.blk, $block2.blk2) }) (ALT IF expr LLAVEIZQ block LLAVEDER ELSE ifstmt { $ifinst = instructions.NewIf($IF.line, $IF.pos, $expr.e, $block.blk, []interface{}{$ifstmt.ifinst}) }))) (RULE whilestmt (returns interfaces.Instruction whl) (BLOCK (ALT WHILE expr LLAVEIZQ block2 LLAVEDER { $whl = instructions.NewWhile($WHILE.line, $WHILE.pos, $expr.e, $block2.blk2) }))) (RULE declarationstmt (returns interfaces.Instruction dec) (BLOCK (ALT VAR ID D_PTS types IG expr { $dec = instructions.NewDeclaration($VAR.line, $VAR.pos, $ID.text, $types.ty, $expr.e) }))) (RULE types (returns environment.TipoExpresion ty) (BLOCK (ALT INT { $ty = environment.INTEGER }) (ALT FLOAT { $ty = environment.FLOAT }) (ALT STR { $ty = environment.STRING }) (ALT BOOL { $ty = environment.BOOLEAN }) (ALT CORIZQ CORDER { $ty = environment.ARRAY }))) (RULE expr (returns interfaces.Expression e) (BLOCK (ALT (= left expr) (= op (SET MUL DIV)) (= right expr) { $e = expressions.NewOperation($left.start.GetLine(), $left.start.GetColumn(), $left.e, $op.text, $right.e) }) (ALT (= left expr) (= op (SET ADD SUB)) (= right expr) { $e = expressions.NewOperation($left.start.GetLine(), $left.start.GetColumn(), $left.e, $op.text, $right.e) }) (ALT (= left expr) (= op (SET MAY_IG MAYOR)) (= right expr) { $e = expressions.NewOperation($left.start.GetLine(), $left.start.GetColumn(), $left.e, $op.text, $right.e) }) (ALT (= left expr) (= op (SET MEN_IG MENOR)) (= right expr) { $e = expressions.NewOperation($left.start.GetLine(), $left.start.GetColumn(), $left.e, $op.text, $right.e) }) (ALT (= left expr) (= op (SET IG_IG DIF)) (= right expr) { $e = expressions.NewOperation($left.start.GetLine(), $left.start.GetColumn(), $left.e, $op.text, $right.e) }) (ALT (= left expr) (= op AND) (= right expr) { $e = expressions.NewOperation($left.start.GetLine(), $left.start.GetColumn(), $left.e, $op.text, $right.e) }) (ALT (= left expr) (= op OR) (= right expr) { $e = expressions.NewOperation($left.start.GetLine(), $left.start.GetColumn(), $left.e, $op.text, $right.e) }) (ALT PARIZQ expr PARDER { $e = $expr.e }) (ALT (= list listArray) { $e = $list.p}) (ALT CORIZQ listParams CORDER { $e = expressions.NewArray($CORIZQ.line, $CORIZQ.pos, $listParams.l) }) (ALT NUMBER {
        if (strings.Contains($NUMBER.text,".")){
            num,err := strconv.ParseFloat($NUMBER.text, 64);
            if err!= nil{
                fmt.Println(err)
            }
            $e = expressions.NewPrimitive($NUMBER.line,$NUMBER.pos,num,environment.FLOAT)
        }else{
            num,err := strconv.Atoi($NUMBER.text)
            if err!= nil{
                fmt.Println(err)
            }
            $e = expressions.NewPrimitive($NUMBER.line,$NUMBER.pos,num,environment.INTEGER)
        }
    }) (ALT STRING {
        str := $STRING.text
        $e = expressions.NewPrimitive($STRING.line, $STRING.pos, str[1:len(str)-1],environment.STRING)
    }) (ALT TRU { $e = expressions.NewPrimitive($TRU.line, $TRU.pos, true, environment.BOOLEAN) }) (ALT FAL { $e = expressions.NewPrimitive($FAL.line, $FAL.pos, false, environment.BOOLEAN) }))) (RULE listParams (returns []interface{} l) (BLOCK (ALT (= list listParams) COMA expr {
                                var arr []interface{}
                                arr = append($list.l, $expr.e)
                                $l = arr
                            }) (ALT expr {
            $l = []interface{}{}
            $l = append($l, $expr.e)
        }))) (RULE listArray (returns interfaces.Expression p) (BLOCK (ALT (= list listArray) CORIZQ expr CORDER { $p = expressions.NewArrayAccess($list.start.GetLine(), $list.start.GetColumn(), $list.p, $expr.e) }) (ALT ID { $p = expressions.NewCallVar($ID.line, $ID.pos, $ID.text)})))))
2023-08-23 15:23:51:606 grammar LogManager.java:25 lexer =(LEXER_GRAMMAR SwiftGrammarLexer OPTIONS (@ header {
    import "Server2/interfaces"
    import "Server2/environment"
    import "Server2/expressions"
    import "Server2/instructions"
    import "strings"
}) RULES)
